Arguments: 
  /Users/liqun_tang/.nvm/versions/node/v10.15.3/bin/node /usr/local/bin/yarn add @tensorflow/tfjs-node

PATH: 
  /usr/local/Cellar/node/10.10.0/bin:/Users/liqun_tang/.nvm/versions/node/v10.15.3/bin:/Users/liqun_tang/.nvm/versions/node/v10.15.3/bin:/Users/liqun_tang/Documents/_APPLICATIONS:/usr/local/opt/icu4c/sbin:/usr/local/opt/icu4c/bin:/usr/local/opt/openssl/bin:/usr/local/opt/gettext/bin:/Users/liqun_tang/.cargo/bin:/Users/liqun_tang/Documents/_APPLICATIONS/google-cloud-sdk/bin:/usr/local/opt/php@7.2/sbin:/usr/local/opt/php@7.2/bin:/usr/local/sbin:/Users/liqun_tang/.composer/vendor/bin:/usr/local/bin:/usr/bin:/bin:/usr/sbin:/sbin:/usr/local/share/dotnet:/opt/X11/bin:~/.dotnet/tools:/Library/Frameworks/Mono.framework/Versions/Current/Commands:/Applications/Wireshark.app/Contents/MacOS:/Applications/Xamarin Workbooks.app/Contents/SharedSupport/path-bin:/usr/local/Cellar/node/10.10.0/bin:/Users/liqun_tang/.nvm/versions/node/v10.15.3/bin:/Users/liqun_tang/Documents/_APPLICATIONS:/usr/local/opt/icu4c/sbin:/usr/local/opt/icu4c/bin:/usr/local/opt/openssl/bin:/usr/local/opt/gettext/bin:/Users/liqun_tang/.cargo/bin:/Users/liqun_tang/Documents/_APPLICATIONS/google-cloud-sdk/bin:/usr/local/opt/php@7.2/sbin:/usr/local/opt/php@7.2/bin:/usr/local/sbin:/Users/liqun_tang/.composer/vendor/bin:/Users/liqun_tang/Documents/_APPLICATIONS/flutter/bin:/Users/liqun_tang/Documents/_APPLICATIONS/flutter/bin

Yarn version: 
  1.7.0

Node version: 
  10.15.3

Platform: 
  darwin x64

Trace: 
  Error: connect ENETUNREACH 104.16.27.35:443
      at TCPConnectWrap.afterConnect [as oncomplete] (net.js:1097:14)

npm manifest: 
  {
    "name": "tfjs-node",
    "version": "1.0.0",
    "main": "index.js",
    "license": "MIT"
  }

yarn manifest: 
  No manifest

Lockfile: 
  No lockfile
